<?xml version="1.0" encoding="UTF-8"?>
<!-- Generated by org.testng.reporters.JUnitReportReporter -->
<testsuite hostname="LAPTOP-07C5PU1R" failures="0" tests="1" name="testCases.AccountRegistrationTest" time="1.741" errors="0" timestamp="2025-06-05T13:49:26 IST" skipped="0">
  <testcase classname="testCases.AccountRegistrationTest" name="verify_Account_Registration" time="1.741"/>
</testsuite> <!-- testCases.AccountRegistrationTest -->
