<?xml version="1.0" encoding="UTF-8"?>
<!-- Generated by org.testng.reporters.JUnitReportReporter -->
<testsuite hostname="LAPTOP-07C5PU1R" failures="0" tests="1" name="testCases.LoginTest" time="1.848" errors="0" timestamp="2025-06-05T13:49:26 IST" skipped="0">
  <testcase classname="testCases.LoginTest" name="TC002_verifyLoginFunctionality" time="1.848"/>
</testsuite> <!-- testCases.LoginTest -->
